<?xml version="1.0" encoding="UTF-8"?>
<testng-results skipped="0" failed="0" ignored="0" total="1" passed="1">
  <reporter-output>
  </reporter-output>
  <suite name="Default suite" duration-ms="8082" started-at="2017-06-25T10:47:48Z" finished-at="2017-06-25T10:47:56Z">
    <groups>
    </groups>
    <test name="Default test" duration-ms="8082" started-at="2017-06-25T10:47:48Z" finished-at="2017-06-25T10:47:56Z">
      <class name="com.electroncluster.test.smoke.TestLoginUS012">
        <test-method status="PASS" signature="setUp()[pri:0, instance:com.electroncluster.test.smoke.TestLoginUS012@68c4039c]" name="setUp" is-config="true" duration-ms="6261" started-at="2017-06-25T16:17:48Z" finished-at="2017-06-25T16:17:54Z">
          <reporter-output>
          </reporter-output>
        </test-method> <!-- setUp -->
        <test-method status="PASS" signature="testLoginTC053()[pri:0, instance:com.electroncluster.test.smoke.TestLoginUS012@68c4039c]" name="testLoginTC053" duration-ms="1797" started-at="2017-06-25T16:17:54Z" finished-at="2017-06-25T16:17:56Z">
          <reporter-output>
          </reporter-output>
        </test-method> <!-- testLoginTC053 -->
        <test-method status="PASS" signature="tearDown()[pri:0, instance:com.electroncluster.test.smoke.TestLoginUS012@68c4039c]" name="tearDown" is-config="true" duration-ms="7" started-at="2017-06-25T16:17:56Z" finished-at="2017-06-25T16:17:56Z">
          <reporter-output>
          </reporter-output>
        </test-method> <!-- tearDown -->
      </class> <!-- com.electroncluster.test.smoke.TestLoginUS012 -->
    </test> <!-- Default test -->
  </suite> <!-- Default suite -->
</testng-results>
